# JRE version: Java(TM) SE Runtime Environment (17.0.8+9) (build 17.0.8+9-LTS-211)
# Java VM: Java HotSpot(TM) 64-Bit Server VM (17.0.8+9-LTS-211, mixed mode, sharing, tiered, compressed oops, compressed class ptrs, g1 gc, windows-amd64)
GC Precious Log:
 CPUs: 8 total, 8 available
 Memory: 7942M
 Large Page Support: Disabled
 NUMA Support: Disabled
 Compressed Oops: Enabled (32-bit)
 Heap Region Size: 1M
 Heap Min Capacity: 8M
 Heap Initial Capacity: 8M
 Heap Max Capacity: 1986M
 Pre-touch: Disabled
 Parallel Workers: 8
 Concurrent Workers: 2
 Concurrent Refinement Workers: 8
 Periodic GC: Disabled
Heap:
 garbage-first heap   total 10240K, used 3343K [0x0000000083e00000, 0x0000000100000000)
  region size 1024K, 2 young (2048K), 1 survivors (1024K)
 Metaspace       used 7896K, committed 8064K, reserved 1114112K
  class space    used 920K, committed 1024K, reserved 1048576K
GC Heap History (10 events):
Event: 0.221 GC heap before
{Heap before GC invocations=0 (full 0):
 garbage-first heap   total 8192K, used 3072K [0x0000000083e00000, 0x0000000100000000)
  region size 1024K, 3 young (3072K), 0 survivors (0K)
 Metaspace       used 2766K, committed 2880K, reserved 1114112K
  class space    used 354K, committed 384K, reserved 1048576K
}
Event: 0.224 GC heap after
{Heap after GC invocations=1 (full 0):
 garbage-first heap   total 8192K, used 1452K [0x0000000083e00000, 0x0000000100000000)
  region size 1024K, 1 young (1024K), 1 survivors (1024K)
 Metaspace       used 2766K, committed 2880K, reserved 1114112K
  class space    used 354K, committed 384K, reserved 1048576K
}
Event: 0.324 GC heap before
{Heap before GC invocations=1 (full 0):
 garbage-first heap   total 8192K, used 2476K [0x0000000083e00000, 0x0000000100000000)
  region size 1024K, 2 young (2048K), 1 survivors (1024K)
 Metaspace       used 5413K, committed 5568K, reserved 1114112K
  class space    used 642K, committed 768K, reserved 1048576K
}
Event: 0.327 GC heap after
{Heap after GC invocations=2 (full 0):
 garbage-first heap   total 8192K, used 2061K [0x0000000083e00000, 0x0000000100000000)
  region size 1024K, 1 young (1024K), 1 survivors (1024K)
 Metaspace       used 5413K, committed 5568K, reserved 1114112K
  class space    used 642K, committed 768K, reserved 1048576K
}
Event: 0.426 GC heap before
{Heap before GC invocations=2 (full 0):
 garbage-first heap   total 8192K, used 3085K [0x0000000083e00000, 0x0000000100000000)
  region size 1024K, 2 young (2048K), 1 survivors (1024K)
 Metaspace       used 7119K, committed 7296K, reserved 1114112K
  class space    used 836K, committed 896K, reserved 1048576K
}
Event: 0.428 GC heap after
{Heap after GC invocations=3 (full 0):
 garbage-first heap   total 8192K, used 2289K [0x0000000083e00000, 0x0000000100000000)
  region size 1024K, 1 young (1024K), 1 survivors (1024K)
 Metaspace       used 7119K, committed 7296K, reserved 1114112K
  class space    used 836K, committed 896K, reserved 1048576K
}
Event: 0.482 GC heap before
{Heap before GC invocations=3 (full 0):
 garbage-first heap   total 8192K, used 3313K [0x0000000083e00000, 0x0000000100000000)
  region size 1024K, 2 young (2048K), 1 survivors (1024K)
 Metaspace       used 7534K, committed 7680K, reserved 1114112K
  class space    used 883K, committed 960K, reserved 1048576K
}
Event: 0.484 GC heap after
{Heap after GC invocations=4 (full 0):
 garbage-first heap   total 8192K, used 2551K [0x0000000083e00000, 0x0000000100000000)
  region size 1024K, 1 young (1024K), 1 survivors (1024K)
 Metaspace       used 7534K, committed 7680K, reserved 1114112K
  class space    used 883K, committed 960K, reserved 1048576K
}
Event: 0.517 GC heap before
{Heap before GC invocations=4 (full 0):
 garbage-first heap   total 8192K, used 3575K [0x0000000083e00000, 0x0000000100000000)
  region size 1024K, 2 young (2048K), 1 survivors (1024K)
 Metaspace       used 7623K, committed 7744K, reserved 1114112K
  class space    used 890K, committed 960K, reserved 1048576K
}
Event: 0.519 GC heap after
{Heap after GC invocations=5 (full 0):
 garbage-first heap   total 10240K, used 3044K [0x0000000083e00000, 0x0000000100000000)
  region size 1024K, 1 young (1024K), 1 survivors (1024K)
 Metaspace       used 7623K, committed 7744K, reserved 1114112K
  class space    used 890K, committed 960K, reserved 1048576K
}

